<?xml version="1.0" encoding="UTF-8"?>
<testng-results skipped="0" failed="0" ignored="0" total="1" passed="1">
  <reporter-output>
  </reporter-output>
  <suite name="Suite" duration-ms="9498" started-at="2021-02-27T16:56:51 IST" finished-at="2021-02-27T16:57:01 IST">
    <groups>
    </groups>
    <test name="Test" duration-ms="9498" started-at="2021-02-27T16:56:51 IST" finished-at="2021-02-27T16:57:01 IST">
      <class name="ccTestCases.LoginTest_TestNG">
        <test-method status="PASS" signature="setup()[pri:0, instance:ccTestCases.LoginTest_TestNG@1f554b06]" name="setup" is-config="true" duration-ms="3627" started-at="2021-02-27T16:56:51 IST" finished-at="2021-02-27T16:56:55 IST">
          <reporter-output>
          </reporter-output>
        </test-method> <!-- setup -->
        <test-method status="PASS" signature="loginToApplication()[pri:0, instance:ccTestCases.LoginTest_TestNG@1f554b06]" name="loginToApplication" duration-ms="4974" started-at="2021-02-27T16:56:55 IST" finished-at="2021-02-27T16:57:00 IST">
          <reporter-output>
          </reporter-output>
        </test-method> <!-- loginToApplication -->
        <test-method status="PASS" signature="tearDown()[pri:0, instance:ccTestCases.LoginTest_TestNG@1f554b06]" name="tearDown" is-config="true" duration-ms="873" started-at="2021-02-27T16:57:00 IST" finished-at="2021-02-27T16:57:01 IST">
          <reporter-output>
          </reporter-output>
        </test-method> <!-- tearDown -->
      </class> <!-- ccTestCases.LoginTest_TestNG -->
    </test> <!-- Test -->
  </suite> <!-- Suite -->
</testng-results>
